c:\users\borja\desktop\meshshaderp2\d3d12meshshaders\src\meshletrender\obj\x64\debug\d3d12meshletrender.pch
c:\users\borja\desktop\meshshaderp2\d3d12meshshaders\src\meshletrender\obj\x64\debug\vc142.pdb
c:\users\borja\desktop\meshshaderp2\d3d12meshshaders\src\meshletrender\obj\x64\debug\vc142.idb
c:\users\borja\desktop\meshshaderp2\d3d12meshshaders\src\meshletrender\obj\x64\debug\stdafx.obj
c:\users\borja\desktop\meshshaderp2\d3d12meshshaders\src\meshletrender\obj\x64\debug\win32application.obj
c:\users\borja\desktop\meshshaderp2\d3d12meshshaders\src\meshletrender\obj\x64\debug\spfnurbs.obj
c:\users\borja\desktop\meshshaderp2\d3d12meshshaders\src\meshletrender\obj\x64\debug\simplecamera.obj
c:\users\borja\desktop\meshshaderp2\d3d12meshshaders\src\meshletrender\obj\x64\debug\punto.obj
c:\users\borja\desktop\meshshaderp2\d3d12meshshaders\src\meshletrender\obj\x64\debug\model.obj
c:\users\borja\desktop\meshshaderp2\d3d12meshshaders\src\meshletrender\obj\x64\debug\main.obj
c:\users\borja\desktop\meshshaderp2\d3d12meshshaders\src\meshletrender\obj\x64\debug\leernurbs.obj
c:\users\borja\desktop\meshshaderp2\d3d12meshshaders\src\meshletrender\obj\x64\debug\infonurbs.obj
c:\users\borja\desktop\meshshaderp2\d3d12meshshaders\src\meshletrender\obj\x64\debug\escenanurbs.obj
c:\users\borja\desktop\meshshaderp2\d3d12meshshaders\src\meshletrender\obj\x64\debug\dxsample.obj
c:\users\borja\desktop\meshshaderp2\d3d12meshshaders\src\meshletrender\obj\x64\debug\d3d12meshletrender.obj
c:\users\borja\desktop\meshshaderp2\d3d12meshshaders\src\meshletrender\bin\x64\debug\meshletms.cso
c:\users\borja\desktop\meshshaderp2\d3d12meshshaders\src\meshletrender\bin\x64\debug\meshletms.pdb
c:\users\borja\desktop\meshshaderp2\d3d12meshshaders\src\meshletrender\bin\x64\debug\meshletps.cso
c:\users\borja\desktop\meshshaderp2\d3d12meshshaders\src\meshletrender\bin\x64\debug\meshletps.pdb
c:\users\borja\desktop\meshshaderp2\d3d12meshshaders\src\meshletrender\bin\x64\debug\nurbs4.cso
c:\users\borja\desktop\meshshaderp2\d3d12meshshaders\src\meshletrender\bin\x64\debug\nurbs4.pdb
c:\users\borja\desktop\meshshaderp2\d3d12meshshaders\src\meshletrender\obj\x64\debug\d3d12mes.decd10d0.tlog\cl.command.1.tlog
c:\users\borja\desktop\meshshaderp2\d3d12meshshaders\src\meshletrender\obj\x64\debug\d3d12mes.decd10d0.tlog\cl.read.1.tlog
c:\users\borja\desktop\meshshaderp2\d3d12meshshaders\src\meshletrender\obj\x64\debug\d3d12mes.decd10d0.tlog\cl.write.1.tlog
c:\users\borja\desktop\meshshaderp2\d3d12meshshaders\src\meshletrender\obj\x64\debug\d3d12mes.decd10d0.tlog\dxc.command.1.tlog
c:\users\borja\desktop\meshshaderp2\d3d12meshshaders\src\meshletrender\obj\x64\debug\d3d12mes.decd10d0.tlog\dxc.read.1.tlog
c:\users\borja\desktop\meshshaderp2\d3d12meshshaders\src\meshletrender\obj\x64\debug\d3d12mes.decd10d0.tlog\dxc.write.1.tlog
c:\users\borja\desktop\meshshaderp2\d3d12meshshaders\src\meshletrender\obj\x64\debug\d3d12mes.decd10d0.tlog\link-cvtres.read.1.tlog
c:\users\borja\desktop\meshshaderp2\d3d12meshshaders\src\meshletrender\obj\x64\debug\d3d12mes.decd10d0.tlog\link-cvtres.write.1.tlog
c:\users\borja\desktop\meshshaderp2\d3d12meshshaders\src\meshletrender\obj\x64\debug\d3d12mes.decd10d0.tlog\link-rc.read.1.tlog
c:\users\borja\desktop\meshshaderp2\d3d12meshshaders\src\meshletrender\obj\x64\debug\d3d12mes.decd10d0.tlog\link-rc.write.1.tlog
c:\users\borja\desktop\meshshaderp2\d3d12meshshaders\src\meshletrender\obj\x64\debug\d3d12mes.decd10d0.tlog\link.command.1.tlog
c:\users\borja\desktop\meshshaderp2\d3d12meshshaders\src\meshletrender\obj\x64\debug\d3d12mes.decd10d0.tlog\link.read.1.tlog
c:\users\borja\desktop\meshshaderp2\d3d12meshshaders\src\meshletrender\obj\x64\debug\d3d12mes.decd10d0.tlog\link.write.1.tlog
